Sun Jun 24 23:41:19 CST 2018  [debug] AvalonLogSystem initialized using logfile 'D:\JavaWorkplace\.metadata\.plugins\com.genuitec.eclipse.templates\velocity.log'
Sun Jun 24 23:41:19 CST 2018   [info] ************************************************************** 
Sun Jun 24 23:41:19 CST 2018   [info] Starting Jakarta Velocity v1.4
Sun Jun 24 23:41:19 CST 2018   [info] RuntimeInstance initializing.
Sun Jun 24 23:41:19 CST 2018   [info] Default Properties File: org\apache\velocity\runtime\defaults\velocity.properties
Sun Jun 24 23:41:19 CST 2018   [info] Trying to use logger class org.apache.velocity.runtime.log.AvalonLogSystem
Sun Jun 24 23:41:19 CST 2018   [info] Using logger class org.apache.velocity.runtime.log.AvalonLogSystem
Sun Jun 24 23:41:19 CST 2018   [info] Default ResourceManager initializing. (class org.apache.velocity.runtime.resource.ResourceManagerImpl)
Sun Jun 24 23:41:19 CST 2018   [info] Resource Loader Instantiated: com.genuitec.eclipse.templates.internal.PluginResourceLoader
Sun Jun 24 23:41:19 CST 2018   [info] ResourceCache : initialized. (class org.apache.velocity.runtime.resource.ResourceCacheImpl)
Sun Jun 24 23:41:19 CST 2018   [info] Default ResourceManager initialization complete.
Sun Jun 24 23:41:19 CST 2018   [info] Loaded System Directive: org.apache.velocity.runtime.directive.Literal
Sun Jun 24 23:41:19 CST 2018   [info] Loaded System Directive: org.apache.velocity.runtime.directive.Macro
Sun Jun 24 23:41:19 CST 2018   [info] Loaded System Directive: org.apache.velocity.runtime.directive.Parse
Sun Jun 24 23:41:19 CST 2018   [info] Loaded System Directive: org.apache.velocity.runtime.directive.Include
Sun Jun 24 23:41:19 CST 2018   [info] Loaded System Directive: org.apache.velocity.runtime.directive.Foreach
Sun Jun 24 23:41:19 CST 2018   [info] Created: 20 parsers.
Sun Jun 24 23:41:19 CST 2018   [info] Velocimacro : initialization starting.
Sun Jun 24 23:41:19 CST 2018   [info] Velocimacro : adding VMs from VM library template : VM_global_library.vm
Sun Jun 24 23:41:19 CST 2018  [error] ResourceManager : unable to find resource 'VM_global_library.vm' in any resource loader.
Sun Jun 24 23:41:19 CST 2018   [info] Velocimacro : error using  VM library template VM_global_library.vm : org.apache.velocity.exception.ResourceNotFoundException: Unable to find resource 'VM_global_library.vm'
Sun Jun 24 23:41:19 CST 2018   [info] Velocimacro :  VM library template macro registration complete.
Sun Jun 24 23:41:19 CST 2018   [info] Velocimacro : allowInline = true : VMs can be defined inline in templates
Sun Jun 24 23:41:19 CST 2018   [info] Velocimacro : allowInlineToOverride = true : VMs defined inline may replace previous VM definitions
Sun Jun 24 23:41:19 CST 2018   [info] Velocimacro : allowInlineLocal = true : VMs defined inline will be local to their defining template only.
Sun Jun 24 23:41:19 CST 2018   [info] Velocimacro : messages on  : VM system will output logging messages
Sun Jun 24 23:41:19 CST 2018   [info] Velocimacro : autoload off  : VM system will not automatically reload global library macros
Sun Jun 24 23:41:19 CST 2018   [info] Velocimacro : initialization complete.
Sun Jun 24 23:41:19 CST 2018   [info] Velocity successfully started.
Sun Jun 24 23:41:19 CST 2018   [info] ResourceManager : found /templates/velocity/welcome/Jsp.vtl with loader com.genuitec.eclipse.templates.internal.PluginResourceLoader
Sun Jun 24 23:45:09 CST 2018   [info] ResourceManager : found /templates/velocity/welcome/Jsp.vtl with loader com.genuitec.eclipse.templates.internal.PluginResourceLoader
